# JRE version: Java(TM) SE Runtime Environment (8.0_181-b13) (build 1.8.0_181-b13)
# Java VM: Java HotSpot(TM) 64-Bit Server VM (25.181-b13 mixed mode windows-amd64 compressed oops)
Heap:
 PSYoungGen      total 1256448K, used 994705K [0x000000076af80000, 0x00000007bdf80000, 0x00000007c0000000)
  eden space 1211392K, 78% used [0x000000076af80000,0x00000007a4f03680,0x00000007b4e80000)
  from space 45056K, 99% used [0x00000007b9700000,0x00000007bc2e0ea0,0x00000007bc300000)
  to   space 29184K, 0% used [0x00000007bc300000,0x00000007bc300000,0x00000007bdf80000)
 ParOldGen       total 281088K, used 90884K [0x00000006c0e00000, 0x00000006d2080000, 0x000000076af80000)
  object space 281088K, 32% used [0x00000006c0e00000,0x00000006c66c1330,0x00000006d2080000)
 Metaspace       used 97553K, capacity 103538K, committed 103680K, reserved 1138688K
  class space    used 12752K, capacity 13975K, committed 14080K, reserved 1048576K
GC Heap History (10 events):
Event: 15.707 GC heap before
{Heap before GC invocations=21 (full 3):
 PSYoungGen      total 1313280K, used 1287680K [0x000000076af80000, 0x00000007c0000000, 0x00000007c0000000)
  eden space 1287680K, 100% used [0x000000076af80000,0x00000007b9900000,0x00000007b9900000)
  from space 25600K, 0% used [0x00000007b9900000,0x00000007b9900000,0x00000007bb200000)
  to   space 24576K, 0% used [0x00000007be800000,0x00000007be800000,0x00000007c0000000)
 ParOldGen       total 185856K, used 43482K [0x00000006c0e00000, 0x00000006cc380000, 0x000000076af80000)
  object space 185856K, 23% used [0x00000006c0e00000,0x00000006c3876a08,0x00000006cc380000)
 Metaspace       used 72363K, capacity 75638K, committed 75776K, reserved 1116160K
  class space    used 9126K, capacity 9723K, committed 9728K, reserved 1048576K
Event: 15.732 GC heap after
Heap after GC invocations=21 (full 3):
 PSYoungGen      total 1350144K, used 24563K [0x000000076af80000, 0x00000007c0000000, 0x00000007c0000000)
  eden space 1325568K, 0% used [0x000000076af80000,0x000000076af80000,0x00000007bbe00000)
  from space 24576K, 99% used [0x00000007be800000,0x00000007bfffccf8,0x00000007c0000000)
  to   space 33792K, 0% used [0x00000007bbe00000,0x00000007bbe00000,0x00000007bdf00000)
 ParOldGen       total 185856K, used 55668K [0x00000006c0e00000, 0x00000006cc380000, 0x000000076af80000)
  object space 185856K, 29% used [0x00000006c0e00000,0x00000006c445d3c0,0x00000006cc380000)
 Metaspace       used 72363K, capacity 75638K, committed 75776K, reserved 1116160K
  class space    used 9126K, capacity 9723K, committed 9728K, reserved 1048576K
}
Event: 58.090 GC heap before
{Heap before GC invocations=22 (full 3):
 PSYoungGen      total 1350144K, used 1069584K [0x000000076af80000, 0x00000007c0000000, 0x00000007c0000000)
  eden space 1325568K, 78% used [0x000000076af80000,0x00000007aac07358,0x00000007bbe00000)
  from space 24576K, 99% used [0x00000007be800000,0x00000007bfffccf8,0x00000007c0000000)
  to   space 33792K, 0% used [0x00000007bbe00000,0x00000007bbe00000,0x00000007bdf00000)
 ParOldGen       total 185856K, used 55668K [0x00000006c0e00000, 0x00000006cc380000, 0x000000076af80000)
  object space 185856K, 29% used [0x00000006c0e00000,0x00000006c445d3c0,0x00000006cc380000)
 Metaspace       used 93634K, capacity 98530K, committed 98560K, reserved 1134592K
  class space    used 12216K, capacity 13295K, committed 13312K, reserved 1048576K
Event: 58.133 GC heap after
Heap after GC invocations=22 (full 3):
 PSYoungGen      total 1359360K, used 33783K [0x000000076af80000, 0x00000007c0000000, 0x00000007c0000000)
  eden space 1325568K, 0% used [0x000000076af80000,0x000000076af80000,0x00000007bbe00000)
  from space 33792K, 99% used [0x00000007bbe00000,0x00000007bdefde78,0x00000007bdf00000)
  to   space 33792K, 0% used [0x00000007bdf00000,0x00000007bdf00000,0x00000007c0000000)
 ParOldGen       total 185856K, used 82570K [0x00000006c0e00000, 0x00000006cc380000, 0x000000076af80000)
  object space 185856K, 44% used [0x00000006c0e00000,0x00000006c5ea29b0,0x00000006cc380000)
 Metaspace       used 93634K, capacity 98530K, committed 98560K, reserved 1134592K
  class space    used 12216K, capacity 13295K, committed 13312K, reserved 1048576K
}
Event: 58.133 GC heap before
{Heap before GC invocations=23 (full 4):
 PSYoungGen      total 1359360K, used 33783K [0x000000076af80000, 0x00000007c0000000, 0x00000007c0000000)
  eden space 1325568K, 0% used [0x000000076af80000,0x000000076af80000,0x00000007bbe00000)
  from space 33792K, 99% used [0x00000007bbe00000,0x00000007bdefde78,0x00000007bdf00000)
  to   space 33792K, 0% used [0x00000007bdf00000,0x00000007bdf00000,0x00000007c0000000)
 ParOldGen       total 185856K, used 82570K [0x00000006c0e00000, 0x00000006cc380000, 0x000000076af80000)
  object space 185856K, 44% used [0x00000006c0e00000,0x00000006c5ea29b0,0x00000006cc380000)
 Metaspace       used 93634K, capacity 98530K, committed 98560K, reserved 1134592K
  class space    used 12216K, capacity 13295K, committed 13312K, reserved 1048576K
Event: 58.253 GC heap after
Heap after GC invocations=23 (full 4):
 PSYoungGen      total 1359360K, used 0K [0x000000076af80000, 0x00000007c0000000, 0x00000007c0000000)
  eden space 1325568K, 0% used [0x000000076af80000,0x000000076af80000,0x00000007bbe00000)
  from space 33792K, 0% used [0x00000007bbe00000,0x00000007bbe00000,0x00000007bdf00000)
  to   space 33792K, 0% used [0x00000007bdf00000,0x00000007bdf00000,0x00000007c0000000)
 ParOldGen       total 281088K, used 90860K [0x00000006c0e00000, 0x00000006d2080000, 0x000000076af80000)
  object space 281088K, 32% used [0x00000006c0e00000,0x00000006c66bb330,0x00000006d2080000)
 Metaspace       used 93634K, capacity 98530K, committed 98560K, reserved 1134592K
  class space    used 12216K, capacity 13295K, committed 13312K, reserved 1048576K
}
Event: 75175.585 GC heap before
{Heap before GC invocations=24 (full 4):
 PSYoungGen      total 1359360K, used 1325568K [0x000000076af80000, 0x00000007c0000000, 0x00000007c0000000)
  eden space 1325568K, 100% used [0x000000076af80000,0x00000007bbe00000,0x00000007bbe00000)
  from space 33792K, 0% used [0x00000007bbe00000,0x00000007bbe00000,0x00000007bdf00000)
  to   space 33792K, 0% used [0x00000007bdf00000,0x00000007bdf00000,0x00000007c0000000)
 ParOldGen       total 281088K, used 90860K [0x00000006c0e00000, 0x00000006d2080000, 0x000000076af80000)
  object space 281088K, 32% used [0x00000006c0e00000,0x00000006c66bb330,0x00000006d2080000)
 Metaspace       used 97453K, capacity 103260K, committed 103296K, reserved 1138688K
  class space    used 12732K, capacity 13950K, committed 13952K, reserved 1048576K
Event: 75175.678 GC heap after
Heap after GC invocations=24 (full 4):
 PSYoungGen      total 1296896K, used 29405K [0x000000076af80000, 0x00000007bfc00000, 0x00000007c0000000)
  eden space 1267200K, 0% used [0x000000076af80000,0x000000076af80000,0x00000007b8500000)
  from space 29696K, 99% used [0x00000007bdf00000,0x00000007bfbb7640,0x00000007bfc00000)
  to   space 51712K, 0% used [0x00000007b9700000,0x00000007b9700000,0x00000007bc980000)
 ParOldGen       total 281088K, used 90876K [0x00000006c0e00000, 0x00000006d2080000, 0x000000076af80000)
  object space 281088K, 32% used [0x00000006c0e00000,0x00000006c66bf330,0x00000006d2080000)
 Metaspace       used 97453K, capacity 103260K, committed 103296K, reserved 1138688K
  class space    used 12732K, capacity 13950K, committed 13952K, reserved 1048576K
}
Event: 89995.581 GC heap before
{Heap before GC invocations=25 (full 4):
 PSYoungGen      total 1296896K, used 1296605K [0x000000076af80000, 0x00000007bfc00000, 0x00000007c0000000)
  eden space 1267200K, 100% used [0x000000076af80000,0x00000007b8500000,0x00000007b8500000)
  from space 29696K, 99% used [0x00000007bdf00000,0x00000007bfbb7640,0x00000007bfc00000)
  to   space 51712K, 0% used [0x00000007b9700000,0x00000007b9700000,0x00000007bc980000)
 ParOldGen       total 281088K, used 90876K [0x00000006c0e00000, 0x00000006d2080000, 0x000000076af80000)
  object space 281088K, 32% used [0x00000006c0e00000,0x00000006c66bf330,0x00000006d2080000)
 Metaspace       used 97465K, capacity 103266K, committed 103296K, reserved 1138688K
  class space    used 12733K, capacity 13951K, committed 13952K, reserved 1048576K
Event: 89995.712 GC heap after
Heap after GC invocations=25 (full 4):
 PSYoungGen      total 1256448K, used 44931K [0x000000076af80000, 0x00000007bdf80000, 0x00000007c0000000)
  eden space 1211392K, 0% used [0x000000076af80000,0x000000076af80000,0x00000007b4e80000)
  from space 45056K, 99% used [0x00000007b9700000,0x00000007bc2e0ea0,0x00000007bc300000)
  to   space 29184K, 0% used [0x00000007bc300000,0x00000007bc300000,0x00000007bdf80000)
 ParOldGen       total 281088K, used 90884K [0x00000006c0e00000, 0x00000006d2080000, 0x000000076af80000)
  object space 281088K, 32% used [0x00000006c0e00000,0x00000006c66c1330,0x00000006d2080000)
 Metaspace       used 97465K, capacity 103266K, committed 103296K, reserved 1138688K
  class space    used 12733K, capacity 13951K, committed 13952K, reserved 1048576K
}

